0 info it worked if it ends with ok
1 verbose cli [ '/usr/local/bin/node',
1 verbose cli   '/usr/local/bin/npm',
1 verbose cli   'run',
1 verbose cli   'start-babel' ]
2 info using npm@3.10.8
3 info using node@v6.9.1
4 verbose run-script [ 'prestart-babel', 'start-babel', 'poststart-babel' ]
5 info lifecycle judo-heroes@1.0.0~prestart-babel: judo-heroes@1.0.0
6 silly lifecycle judo-heroes@1.0.0~prestart-babel: no script for prestart-babel, continuing
7 info lifecycle judo-heroes@1.0.0~start-babel: judo-heroes@1.0.0
8 verbose lifecycle judo-heroes@1.0.0~start-babel: unsafe-perm in lifecycle true
9 verbose lifecycle judo-heroes@1.0.0~start-babel: PATH: /usr/local/lib/node_modules/npm/bin/node-gyp-bin:/Users/nicholasguest/Documents/htdocs/jsonrct/node_modules/.bin:/usr/local/bin:/usr/bin:/bin:/usr/sbin:/sbin
10 verbose lifecycle judo-heroes@1.0.0~start-babel: CWD: /Users/nicholasguest/Documents/htdocs/jsonrct
11 silly lifecycle judo-heroes@1.0.0~start-babel: Args: [ '-c',
11 silly lifecycle   'NODE_ENV=production node_modules/.bin/babel-node --presets \'react,es2015\' src/server.js' ]
12 silly lifecycle judo-heroes@1.0.0~start-babel: Returned: code: 1  signal: null
13 info lifecycle judo-heroes@1.0.0~start-babel: Failed to exec start-babel script
14 verbose stack Error: judo-heroes@1.0.0 start-babel: `NODE_ENV=production node_modules/.bin/babel-node --presets 'react,es2015' src/server.js`
14 verbose stack Exit status 1
14 verbose stack     at EventEmitter.<anonymous> (/usr/local/lib/node_modules/npm/lib/utils/lifecycle.js:255:16)
14 verbose stack     at emitTwo (events.js:106:13)
14 verbose stack     at EventEmitter.emit (events.js:191:7)
14 verbose stack     at ChildProcess.<anonymous> (/usr/local/lib/node_modules/npm/lib/utils/spawn.js:40:14)
14 verbose stack     at emitTwo (events.js:106:13)
14 verbose stack     at ChildProcess.emit (events.js:191:7)
14 verbose stack     at maybeClose (internal/child_process.js:877:16)
14 verbose stack     at Process.ChildProcess._handle.onexit (internal/child_process.js:226:5)
15 verbose pkgid judo-heroes@1.0.0
16 verbose cwd /Users/nicholasguest/Documents/htdocs/jsonrct
17 error Darwin 16.1.0
18 error argv "/usr/local/bin/node" "/usr/local/bin/npm" "run" "start-babel"
19 error node v6.9.1
20 error npm  v3.10.8
21 error code ELIFECYCLE
22 error judo-heroes@1.0.0 start-babel: `NODE_ENV=production node_modules/.bin/babel-node --presets 'react,es2015' src/server.js`
22 error Exit status 1
23 error Failed at the judo-heroes@1.0.0 start-babel script 'NODE_ENV=production node_modules/.bin/babel-node --presets 'react,es2015' src/server.js'.
23 error Make sure you have the latest version of node.js and npm installed.
23 error If you do, this is most likely a problem with the judo-heroes package,
23 error not with npm itself.
23 error Tell the author that this fails on your system:
23 error     NODE_ENV=production node_modules/.bin/babel-node --presets 'react,es2015' src/server.js
23 error You can get information on how to open an issue for this project with:
23 error     npm bugs judo-heroes
23 error Or if that isn't available, you can get their info via:
23 error     npm owner ls judo-heroes
23 error There is likely additional logging output above.
24 verbose exit [ 1, true ]
